<?xml version="1.0" encoding="UTF-8"?>
<!-- Generated by org.testng.reporters.JUnitReportReporter -->
<testsuite hostname="DESKTOP-PJLCLMT" failures="0" tests="1" name="basics_1.TestNgMavenExampleTest" time="0.000" errors="0" timestamp="25 Jun 2019 18:52:03 GMT" skipped="1">
  <testcase classname="basics_1.TestNgMavenExampleTest" name="myTestMethod" time="0.000">
    <skipped/>
  </testcase> <!-- myTestMethod -->
</testsuite> <!-- basics_1.TestNgMavenExampleTest -->
